# JRE version: OpenJDK Runtime Environment (8.0_242-b01) (build 1.8.0_242-release-1644-b01)
# Java VM: OpenJDK 64-Bit Server VM (25.242-b01 mixed mode windows-amd64 compressed oops)
Heap:
 PSYoungGen      total 150528K, used 27854K [0x00000000f5580000, 0x0000000100000000, 0x0000000100000000)
  eden space 137728K, 20% used [0x00000000f5580000,0x00000000f70b3ab8,0x00000000fdc00000)
  from space 12800K, 0% used [0x00000000ff380000,0x00000000ff380000,0x0000000100000000)
  to   space 18432K, 0% used [0x00000000fdc00000,0x00000000fdc00000,0x00000000fee00000)
 ParOldGen       total 175104K, used 33036K [0x00000000e0000000, 0x00000000eab00000, 0x00000000f5580000)
  object space 175104K, 18% used [0x00000000e0000000,0x00000000e20432d8,0x00000000eab00000)
 Metaspace       used 58625K, capacity 60788K, committed 60840K, reserved 1101824K
  class space    used 8088K, capacity 8583K, committed 8616K, reserved 1048576K
GC Heap History (10 events):
Event: 11.738 GC heap before
{Heap before GC invocations=9 (full 2):
 PSYoungGen      total 122368K, used 9512K [0x00000000f5580000, 0x0000000100000000, 0x0000000100000000)
  eden space 110592K, 0% used [0x00000000f5580000,0x00000000f5580000,0x00000000fc180000)
  from space 11776K, 80% used [0x00000000fc180000,0x00000000fcaca008,0x00000000fcd00000)
  to   space 11776K, 0% used [0x00000000ff480000,0x00000000ff480000,0x0000000100000000)
 ParOldGen       total 175104K, used 7158K [0x00000000e0000000, 0x00000000eab00000, 0x00000000f5580000)
  object space 175104K, 4% used [0x00000000e0000000,0x00000000e06fd830,0x00000000eab00000)
 Metaspace       used 34568K, capacity 35412K, committed 35496K, reserved 1079296K
  class space    used 4728K, capacity 4971K, committed 5032K, reserved 1048576K
Event: 11.841 GC heap after
Heap after GC invocations=9 (full 2):
 PSYoungGen      total 122368K, used 0K [0x00000000f5580000, 0x0000000100000000, 0x0000000100000000)
  eden space 110592K, 0% used [0x00000000f5580000,0x00000000f5580000,0x00000000fc180000)
  from space 11776K, 0% used [0x00000000fc180000,0x00000000fc180000,0x00000000fcd00000)
  to   space 11776K, 0% used [0x00000000ff480000,0x00000000ff480000,0x0000000100000000)
 ParOldGen       total 175104K, used 15787K [0x00000000e0000000, 0x00000000eab00000, 0x00000000f5580000)
  object space 175104K, 9% used [0x00000000e0000000,0x00000000e0f6ae10,0x00000000eab00000)
 Metaspace       used 34568K, capacity 35412K, committed 35496K, reserved 1079296K
  class space    used 4728K, capacity 4971K, committed 5032K, reserved 1048576K
}
Event: 16.374 GC heap before
{Heap before GC invocations=10 (full 2):
 PSYoungGen      total 122368K, used 110592K [0x00000000f5580000, 0x0000000100000000, 0x0000000100000000)
  eden space 110592K, 100% used [0x00000000f5580000,0x00000000fc180000,0x00000000fc180000)
  from space 11776K, 0% used [0x00000000fc180000,0x00000000fc180000,0x00000000fcd00000)
  to   space 11776K, 0% used [0x00000000ff480000,0x00000000ff480000,0x0000000100000000)
 ParOldGen       total 175104K, used 15787K [0x00000000e0000000, 0x00000000eab00000, 0x00000000f5580000)
  object space 175104K, 9% used [0x00000000e0000000,0x00000000e0f6ae10,0x00000000eab00000)
 Metaspace       used 43300K, capacity 44674K, committed 44968K, reserved 1087488K
  class space    used 5877K, capacity 6233K, committed 6312K, reserved 1048576K
Event: 16.395 GC heap after
Heap after GC invocations=10 (full 2):
 PSYoungGen      total 160768K, used 11773K [0x00000000f5580000, 0x0000000100000000, 0x0000000100000000)
  eden space 148992K, 0% used [0x00000000f5580000,0x00000000f5580000,0x00000000fe700000)
  from space 11776K, 99% used [0x00000000ff480000,0x00000000fffff4a0,0x0000000100000000)
  to   space 12800K, 0% used [0x00000000fe700000,0x00000000fe700000,0x00000000ff380000)
 ParOldGen       total 175104K, used 15907K [0x00000000e0000000, 0x00000000eab00000, 0x00000000f5580000)
  object space 175104K, 9% used [0x00000000e0000000,0x00000000e0f88f30,0x00000000eab00000)
 Metaspace       used 43300K, capacity 44674K, committed 44968K, reserved 1087488K
  class space    used 5877K, capacity 6233K, committed 6312K, reserved 1048576K
}
Event: 20.977 GC heap before
{Heap before GC invocations=11 (full 2):
 PSYoungGen      total 160768K, used 160765K [0x00000000f5580000, 0x0000000100000000, 0x0000000100000000)
  eden space 148992K, 100% used [0x00000000f5580000,0x00000000fe700000,0x00000000fe700000)
  from space 11776K, 99% used [0x00000000ff480000,0x00000000fffff4a0,0x0000000100000000)
  to   space 12800K, 0% used [0x00000000fe700000,0x00000000fe700000,0x00000000ff380000)
 ParOldGen       total 175104K, used 15907K [0x00000000e0000000, 0x00000000eab00000, 0x00000000f5580000)
  object space 175104K, 9% used [0x00000000e0000000,0x00000000e0f88f30,0x00000000eab00000)
 Metaspace       used 55270K, capacity 57380K, committed 57512K, reserved 1099776K
  class space    used 7538K, capacity 8075K, committed 8104K, reserved 1048576K
Event: 21.050 GC heap after
Heap after GC invocations=11 (full 2):
 PSYoungGen      total 161792K, used 12784K [0x00000000f5580000, 0x0000000100000000, 0x0000000100000000)
  eden space 148992K, 0% used [0x00000000f5580000,0x00000000f5580000,0x00000000fe700000)
  from space 12800K, 99% used [0x00000000fe700000,0x00000000ff37c060,0x00000000ff380000)
  to   space 12800K, 0% used [0x00000000ff380000,0x00000000ff380000,0x0000000100000000)
 ParOldGen       total 175104K, used 28659K [0x00000000e0000000, 0x00000000eab00000, 0x00000000f5580000)
  object space 175104K, 16% used [0x00000000e0000000,0x00000000e1bfcfd8,0x00000000eab00000)
 Metaspace       used 55270K, capacity 57380K, committed 57512K, reserved 1099776K
  class space    used 7538K, capacity 8075K, committed 8104K, reserved 1048576K
}
Event: 21.732 GC heap before
{Heap before GC invocations=12 (full 2):
 PSYoungGen      total 161792K, used 38789K [0x00000000f5580000, 0x0000000100000000, 0x0000000100000000)
  eden space 148992K, 17% used [0x00000000f5580000,0x00000000f6ee5760,0x00000000fe700000)
  from space 12800K, 99% used [0x00000000fe700000,0x00000000ff37c060,0x00000000ff380000)
  to   space 12800K, 0% used [0x00000000ff380000,0x00000000ff380000,0x0000000100000000)
 ParOldGen       total 175104K, used 28659K [0x00000000e0000000, 0x00000000eab00000, 0x00000000f5580000)
  object space 175104K, 16% used [0x00000000e0000000,0x00000000e1bfcfd8,0x00000000eab00000)
 Metaspace       used 56918K, capacity 59004K, committed 59160K, reserved 1099776K
  class space    used 7779K, capacity 8253K, committed 8360K, reserved 1048576K
Event: 21.764 GC heap after
Heap after GC invocations=12 (full 2):
 PSYoungGen      total 150528K, used 11247K [0x00000000f5580000, 0x0000000100000000, 0x0000000100000000)
  eden space 137728K, 0% used [0x00000000f5580000,0x00000000f5580000,0x00000000fdc00000)
  from space 12800K, 87% used [0x00000000ff380000,0x00000000ffe7be48,0x0000000100000000)
  to   space 18432K, 0% used [0x00000000fdc00000,0x00000000fdc00000,0x00000000fee00000)
 ParOldGen       total 175104K, used 32651K [0x00000000e0000000, 0x00000000eab00000, 0x00000000f5580000)
  object space 175104K, 18% used [0x00000000e0000000,0x00000000e1fe2f78,0x00000000eab00000)
 Metaspace       used 56918K, capacity 59004K, committed 59160K, reserved 1099776K
  class space    used 7779K, capacity 8253K, committed 8360K, reserved 1048576K
}
Event: 21.764 GC heap before
{Heap before GC invocations=13 (full 3):
 PSYoungGen      total 150528K, used 11247K [0x00000000f5580000, 0x0000000100000000, 0x0000000100000000)
  eden space 137728K, 0% used [0x00000000f5580000,0x00000000f5580000,0x00000000fdc00000)
  from space 12800K, 87% used [0x00000000ff380000,0x00000000ffe7be48,0x0000000100000000)
  to   space 18432K, 0% used [0x00000000fdc00000,0x00000000fdc00000,0x00000000fee00000)
 ParOldGen       total 175104K, used 32651K [0x00000000e0000000, 0x00000000eab00000, 0x00000000f5580000)
  object space 175104K, 18% used [0x00000000e0000000,0x00000000e1fe2f78,0x00000000eab00000)
 Metaspace       used 56918K, capacity 59004K, committed 59160K, reserved 1099776K
  class space    used 7779K, capacity 8253K, committed 8360K, reserved 1048576K
Event: 22.239 GC heap after
Heap after GC invocations=13 (full 3):
 PSYoungGen      total 150528K, used 0K [0x00000000f5580000, 0x0000000100000000, 0x0000000100000000)
  eden space 137728K, 0% used [0x00000000f5580000,0x00000000f5580000,0x00000000fdc00000)
  from space 12800K, 0% used [0x00000000ff380000,0x00000000ff380000,0x0000000100000000)
  to   space 18432K, 0% used [0x00000000fdc00000,0x00000000fdc00000,0x00000000fee00000)
 ParOldGen       total 175104K, used 33036K [0x00000000e0000000, 0x00000000eab00000, 0x00000000f5580000)
  object space 175104K, 18% used [0x00000000e0000000,0x00000000e20432d8,0x00000000eab00000)
 Metaspace       used 56904K, capacity 58956K, committed 59160K, reserved 1099776K
  class space    used 7775K, capacity 8245K, committed 8360K, reserved 1048576K
}

